<?xml version="1.0" encoding="UTF-8"?>
<!-- Generated by org.testng.reporters.JUnitXMLReporter -->
<testsuite ignored="0" hostname="Raashids-MacBook-Air.local" failures="0" tests="3" name="Default test" time="28.119" errors="0" timestamp="2023-08-18T06:18:33 EDT">
  <testcase classname="tests.LoginTest" name="loginWithSpecialCharacters" time="2.552"/>
  <testcase classname="tests.LoginTest" name="loginWithEmptyUserTest" time="2.502"/>
  <testcase classname="tests.LoginTest" name="loginWithEmptyPassTest" time="2.518"/>
</testsuite> <!-- Default test -->
