<?xml version="1.0" encoding="UTF-8"?>
<!-- Generated by org.testng.reporters.JUnitXMLReporter -->
<testsuite ignored="2" hostname="Raashids-MacBook-Air.local" failures="0" tests="1" name="Default test" time="8.06" errors="0" timestamp="2023-08-21T13:04:45 EDT">
  <testcase classname="tests.LoginTest" name="loginWithEmptyUserTest" time="1.56"/>
  <testcase classname="tests.LoginTest" name="loginWithSpecialCharacters" time="0.0">
    <ignored/>
  </testcase> <!-- loginWithSpecialCharacters -->
  <testcase classname="tests.LoginTest" name="loginWithEmptyPassTest" time="0.0">
    <ignored/>
  </testcase> <!-- loginWithEmptyPassTest -->
</testsuite> <!-- Default test -->
