<?xml version="1.0" encoding="UTF-8"?>
<!-- Generated by org.testng.reporters.JUnitXMLReporter -->
<testsuite ignored="0" hostname="Raashids-MacBook-Air.local" failures="0" tests="3" name="Test" time="16.821" errors="0" timestamp="21 Aug 2023 18:14:34 GMT">
  <testcase classname="tests.LoginTest" name="loginWithSpecialCharacters" time="1.431"/>
  <testcase classname="tests.LoginTest" name="loginWithEmptyUserTest" time="1.389"/>
  <testcase classname="tests.LoginTest" name="loginWithEmptyPassTest" time="1.356"/>
</testsuite> <!-- Test -->
