<?xml version="1.0" encoding="UTF-8"?>
<testng-results ignored="0" total="3" passed="3" failed="0" skipped="0">
  <reporter-output>
  </reporter-output>
  <suite started-at="2023-08-18T06:18:05 EDT" name="Default suite" finished-at="2023-08-18T06:18:33 EDT" duration-ms="28119">
    <groups>
    </groups>
    <test started-at="2023-08-18T06:18:05 EDT" name="Default test" finished-at="2023-08-18T06:18:33 EDT" duration-ms="28119">
      <class name="tests.LoginTest">
        <test-method is-config="true" signature="beforeMethod()[pri:0, instance:tests.LoginTest@26b3fd41]" started-at="2023-08-18T06:18:05 EDT" name="beforeMethod" finished-at="2023-08-18T06:18:12 EDT" duration-ms="7170" status="PASS">
          <reporter-output>
          </reporter-output>
        </test-method> <!-- beforeMethod -->
        <test-method signature="loginWithSpecialCharacters()[pri:1, instance:tests.LoginTest@26b3fd41]" started-at="2023-08-18T06:18:12 EDT" name="loginWithSpecialCharacters" finished-at="2023-08-18T06:18:14 EDT" duration-ms="2552" status="PASS">
          <reporter-output>
          </reporter-output>
        </test-method> <!-- loginWithSpecialCharacters -->
        <test-method is-config="true" signature="afterMethod()[pri:0, instance:tests.LoginTest@26b3fd41]" started-at="2023-08-18T06:18:14 EDT" name="afterMethod" finished-at="2023-08-18T06:18:15 EDT" duration-ms="636" status="PASS">
          <reporter-output>
          </reporter-output>
        </test-method> <!-- afterMethod -->
        <test-method is-config="true" signature="beforeMethod()[pri:0, instance:tests.LoginTest@26b3fd41]" started-at="2023-08-18T06:18:15 EDT" name="beforeMethod" finished-at="2023-08-18T06:18:21 EDT" duration-ms="5635" status="PASS">
          <reporter-output>
          </reporter-output>
        </test-method> <!-- beforeMethod -->
        <test-method signature="loginWithEmptyUserTest()[pri:2, instance:tests.LoginTest@26b3fd41]" started-at="2023-08-18T06:18:21 EDT" name="loginWithEmptyUserTest" finished-at="2023-08-18T06:18:23 EDT" duration-ms="2502" status="PASS">
          <reporter-output>
          </reporter-output>
        </test-method> <!-- loginWithEmptyUserTest -->
        <test-method is-config="true" signature="afterMethod()[pri:0, instance:tests.LoginTest@26b3fd41]" started-at="2023-08-18T06:18:23 EDT" name="afterMethod" finished-at="2023-08-18T06:18:24 EDT" duration-ms="495" status="PASS">
          <reporter-output>
          </reporter-output>
        </test-method> <!-- afterMethod -->
        <test-method is-config="true" signature="beforeMethod()[pri:0, instance:tests.LoginTest@26b3fd41]" started-at="2023-08-18T06:18:24 EDT" name="beforeMethod" finished-at="2023-08-18T06:18:30 EDT" duration-ms="5956" status="PASS">
          <reporter-output>
          </reporter-output>
        </test-method> <!-- beforeMethod -->
        <test-method signature="loginWithEmptyPassTest()[pri:3, instance:tests.LoginTest@26b3fd41]" started-at="2023-08-18T06:18:30 EDT" name="loginWithEmptyPassTest" finished-at="2023-08-18T06:18:32 EDT" duration-ms="2518" status="PASS">
          <reporter-output>
          </reporter-output>
        </test-method> <!-- loginWithEmptyPassTest -->
        <test-method is-config="true" signature="afterMethod()[pri:0, instance:tests.LoginTest@26b3fd41]" started-at="2023-08-18T06:18:32 EDT" name="afterMethod" finished-at="2023-08-18T06:18:33 EDT" duration-ms="599" status="PASS">
          <reporter-output>
          </reporter-output>
        </test-method> <!-- afterMethod -->
      </class> <!-- tests.LoginTest -->
    </test> <!-- Default test -->
  </suite> <!-- Default suite -->
</testng-results>
