<?xml version="1.0" encoding="UTF-8"?>
<testng-results ignored="0" total="3" passed="3" failed="0" skipped="0">
  <reporter-output>
  </reporter-output>
  <suite started-at="2023-08-21T18:14:17Z" name="Suite" finished-at="2023-08-21T18:14:34Z" duration-ms="16821">
    <groups>
    </groups>
    <test started-at="2023-08-21T18:14:17Z" name="Test" finished-at="2023-08-21T18:14:34Z" duration-ms="16821">
      <class name="tests.LoginTest">
        <test-method is-config="true" signature="beforeMethod()[pri:0, instance:tests.LoginTest@3c947bc5]" started-at="2023-08-21T18:14:17Z" name="beforeMethod" finished-at="2023-08-21T18:14:21Z" duration-ms="3792" status="PASS">
          <reporter-output>
          </reporter-output>
        </test-method> <!-- beforeMethod -->
        <test-method signature="loginWithSpecialCharacters()[pri:1, instance:tests.LoginTest@3c947bc5]" started-at="2023-08-21T18:14:21Z" name="loginWithSpecialCharacters" finished-at="2023-08-21T18:14:23Z" duration-ms="1431" status="PASS">
          <reporter-output>
          </reporter-output>
        </test-method> <!-- loginWithSpecialCharacters -->
        <test-method is-config="true" signature="afterMethod()[pri:0, instance:tests.LoginTest@3c947bc5]" started-at="2023-08-21T18:14:23Z" name="afterMethod" finished-at="2023-08-21T18:14:23Z" duration-ms="436" status="PASS">
          <reporter-output>
          </reporter-output>
        </test-method> <!-- afterMethod -->
        <test-method is-config="true" signature="beforeMethod()[pri:0, instance:tests.LoginTest@3c947bc5]" started-at="2023-08-21T18:14:23Z" name="beforeMethod" finished-at="2023-08-21T18:14:27Z" duration-ms="3558" status="PASS">
          <reporter-output>
          </reporter-output>
        </test-method> <!-- beforeMethod -->
        <test-method signature="loginWithEmptyUserTest()[pri:2, instance:tests.LoginTest@3c947bc5]" started-at="2023-08-21T18:14:27Z" name="loginWithEmptyUserTest" finished-at="2023-08-21T18:14:28Z" duration-ms="1389" status="PASS">
          <reporter-output>
          </reporter-output>
        </test-method> <!-- loginWithEmptyUserTest -->
        <test-method is-config="true" signature="afterMethod()[pri:0, instance:tests.LoginTest@3c947bc5]" started-at="2023-08-21T18:14:28Z" name="afterMethod" finished-at="2023-08-21T18:14:28Z" duration-ms="428" status="PASS">
          <reporter-output>
          </reporter-output>
        </test-method> <!-- afterMethod -->
        <test-method is-config="true" signature="beforeMethod()[pri:0, instance:tests.LoginTest@3c947bc5]" started-at="2023-08-21T18:14:28Z" name="beforeMethod" finished-at="2023-08-21T18:14:32Z" duration-ms="3993" status="PASS">
          <reporter-output>
          </reporter-output>
        </test-method> <!-- beforeMethod -->
        <test-method signature="loginWithEmptyPassTest()[pri:3, instance:tests.LoginTest@3c947bc5]" started-at="2023-08-21T18:14:32Z" name="loginWithEmptyPassTest" finished-at="2023-08-21T18:14:34Z" duration-ms="1356" status="PASS">
          <reporter-output>
          </reporter-output>
        </test-method> <!-- loginWithEmptyPassTest -->
        <test-method is-config="true" signature="afterMethod()[pri:0, instance:tests.LoginTest@3c947bc5]" started-at="2023-08-21T18:14:34Z" name="afterMethod" finished-at="2023-08-21T18:14:34Z" duration-ms="431" status="PASS">
          <reporter-output>
          </reporter-output>
        </test-method> <!-- afterMethod -->
      </class> <!-- tests.LoginTest -->
    </test> <!-- Test -->
  </suite> <!-- Suite -->
</testng-results>
